######################################matern nu = 1.5######################################[1] "#################################### "
[1] "######## Preparing for MCMC ######## "
[1] "#################################### "
[1] "     Total number of available days: 364 (out of 364)"
[1] "     Total number of monitors: 873"
[1] "     Total number of spatial covariates: "
[1] "     Total number of spatial-temporal covariates: "
[1] "#################################### "
[1] "########    MCMC Begins!    ######## "
[1] "#################################### "
[1] "     Iteration 1 of 1000"
[1] "     Iteration 2 of 1000"
[1] "     Iteration 3 of 1000"
[1] "     Iteration 4 of 1000"
[1] "     Iteration 5 of 1000"
[1] "     Iteration 6 of 1000"
[1] "     Iteration 7 of 1000"
[1] "     Iteration 8 of 1000"
[1] "     Iteration 9 of 1000"
[1] "     Iteration 10 of 1000"
[1] "     Iteration 11 of 1000"
[1] "     Iteration 12 of 1000"
[1] "     Iteration 13 of 1000"
[1] "     Iteration 14 of 1000"
[1] "     Iteration 15 of 1000"
[1] "     Iteration 16 of 1000"
[1] "     Iteration 17 of 1000"
[1] "     Iteration 18 of 1000"
[1] "     Iteration 19 of 1000"
[1] "     Iteration 20 of 1000"
[1] "     Iteration 21 of 1000"
[1] "     Iteration 22 of 1000"
[1] "     Iteration 23 of 1000"
[1] "     Iteration 24 of 1000"
[1] "     Iteration 25 of 1000"
[1] "     Iteration 26 of 1000"
[1] "     Iteration 27 of 1000"
[1] "     Iteration 28 of 1000"
[1] "     Iteration 29 of 1000"
[1] "     Iteration 30 of 1000"
[1] "     Iteration 31 of 1000"
[1] "     Iteration 32 of 1000"
[1] "     Iteration 33 of 1000"
[1] "     Iteration 34 of 1000"
[1] "     Iteration 35 of 1000"
[1] "     Iteration 36 of 1000"
[1] "     Iteration 37 of 1000"
[1] "     Iteration 38 of 1000"
[1] "     Iteration 39 of 1000"
[1] "     Iteration 40 of 1000"
[1] "     Iteration 41 of 1000"
[1] "     Iteration 42 of 1000"
[1] "     Iteration 43 of 1000"
[1] "     Iteration 44 of 1000"
[1] "     Iteration 45 of 1000"
[1] "     Iteration 46 of 1000"
[1] "     Iteration 47 of 1000"
[1] "     Iteration 48 of 1000"
[1] "     Iteration 49 of 1000"
[1] "     Iteration 50 of 1000"
[1] "     Iteration 51 of 1000"
[1] "     Iteration 52 of 1000"
[1] "     Iteration 53 of 1000"
[1] "     Iteration 54 of 1000"
[1] "     Iteration 55 of 1000"
[1] "     Iteration 56 of 1000"
[1] "     Iteration 57 of 1000"
[1] "     Iteration 58 of 1000"
[1] "     Iteration 59 of 1000"
[1] "     Iteration 60 of 1000"
[1] "     Iteration 61 of 1000"
[1] "     Iteration 62 of 1000"
[1] "     Iteration 63 of 1000"
[1] "     Iteration 64 of 1000"
[1] "     Iteration 65 of 1000"
[1] "     Iteration 66 of 1000"
[1] "     Iteration 67 of 1000"
[1] "     Iteration 68 of 1000"
[1] "     Iteration 69 of 1000"
[1] "     Iteration 70 of 1000"
[1] "     Iteration 71 of 1000"
[1] "     Iteration 72 of 1000"
[1] "     Iteration 73 of 1000"
[1] "     Iteration 74 of 1000"
[1] "     Iteration 75 of 1000"
[1] "     Iteration 76 of 1000"
[1] "     Iteration 77 of 1000"
[1] "     Iteration 78 of 1000"
[1] "     Iteration 79 of 1000"
[1] "     Iteration 80 of 1000"
[1] "     Iteration 81 of 1000"
[1] "     Iteration 82 of 1000"
[1] "     Iteration 83 of 1000"
[1] "     Iteration 84 of 1000"
[1] "     Iteration 85 of 1000"
[1] "     Iteration 86 of 1000"
[1] "     Iteration 87 of 1000"
[1] "     Iteration 88 of 1000"
[1] "     Iteration 89 of 1000"
[1] "     Iteration 90 of 1000"
[1] "     Iteration 91 of 1000"
[1] "     Iteration 92 of 1000"
[1] "     Iteration 93 of 1000"
[1] "     Iteration 94 of 1000"
[1] "     Iteration 95 of 1000"
[1] "     Iteration 96 of 1000"
[1] "     Iteration 97 of 1000"
[1] "     Iteration 98 of 1000"
[1] "     Iteration 99 of 1000"
[1] "     Iteration 100 of 1000"
[1] "     Iteration 101 of 1000"
[1] "     Iteration 102 of 1000"
[1] "     Iteration 103 of 1000"
[1] "     Iteration 104 of 1000"
[1] "     Iteration 105 of 1000"
[1] "     Iteration 106 of 1000"
[1] "     Iteration 107 of 1000"
[1] "     Iteration 108 of 1000"
[1] "     Iteration 109 of 1000"
[1] "     Iteration 110 of 1000"
[1] "     Iteration 111 of 1000"
[1] "     Iteration 112 of 1000"
[1] "     Iteration 113 of 1000"
[1] "     Iteration 114 of 1000"
[1] "     Iteration 115 of 1000"
[1] "     Iteration 116 of 1000"
[1] "     Iteration 117 of 1000"
[1] "     Iteration 118 of 1000"
[1] "     Iteration 119 of 1000"
[1] "     Iteration 120 of 1000"
[1] "     Iteration 121 of 1000"
[1] "     Iteration 122 of 1000"
[1] "     Iteration 123 of 1000"
[1] "     Iteration 124 of 1000"
[1] "     Iteration 125 of 1000"
[1] "     Iteration 126 of 1000"
[1] "     Iteration 127 of 1000"
[1] "     Iteration 128 of 1000"
[1] "     Iteration 129 of 1000"
[1] "     Iteration 130 of 1000"
[1] "     Iteration 131 of 1000"
[1] "     Iteration 132 of 1000"
[1] "     Iteration 133 of 1000"
[1] "     Iteration 134 of 1000"
[1] "     Iteration 135 of 1000"
[1] "     Iteration 136 of 1000"
[1] "     Iteration 137 of 1000"
[1] "     Iteration 138 of 1000"
[1] "     Iteration 139 of 1000"
[1] "     Iteration 140 of 1000"
[1] "     Iteration 141 of 1000"
[1] "     Iteration 142 of 1000"
[1] "     Iteration 143 of 1000"
[1] "     Iteration 144 of 1000"
[1] "     Iteration 145 of 1000"
[1] "     Iteration 146 of 1000"
[1] "     Iteration 147 of 1000"
[1] "     Iteration 148 of 1000"
[1] "     Iteration 149 of 1000"
[1] "     Iteration 150 of 1000"
[1] "     Iteration 151 of 1000"
[1] "     Iteration 152 of 1000"
[1] "     Iteration 153 of 1000"
[1] "     Iteration 154 of 1000"
[1] "     Iteration 155 of 1000"
[1] "     Iteration 156 of 1000"
[1] "     Iteration 157 of 1000"
[1] "     Iteration 158 of 1000"
[1] "     Iteration 159 of 1000"
[1] "     Iteration 160 of 1000"
[1] "     Iteration 161 of 1000"
[1] "     Iteration 162 of 1000"
[1] "     Iteration 163 of 1000"
[1] "     Iteration 164 of 1000"
[1] "     Iteration 165 of 1000"
[1] "     Iteration 166 of 1000"
[1] "     Iteration 167 of 1000"
[1] "     Iteration 168 of 1000"
[1] "     Iteration 169 of 1000"
[1] "     Iteration 170 of 1000"
[1] "     Iteration 171 of 1000"
[1] "     Iteration 172 of 1000"
[1] "     Iteration 173 of 1000"
[1] "     Iteration 174 of 1000"
[1] "     Iteration 175 of 1000"
[1] "     Iteration 176 of 1000"
[1] "     Iteration 177 of 1000"
[1] "     Iteration 178 of 1000"
[1] "     Iteration 179 of 1000"
[1] "     Iteration 180 of 1000"
[1] "     Iteration 181 of 1000"
[1] "     Iteration 182 of 1000"
[1] "     Iteration 183 of 1000"
[1] "     Iteration 184 of 1000"
[1] "     Iteration 185 of 1000"
[1] "     Iteration 186 of 1000"
[1] "     Iteration 187 of 1000"
[1] "     Iteration 188 of 1000"
[1] "     Iteration 189 of 1000"
[1] "     Iteration 190 of 1000"
[1] "     Iteration 191 of 1000"
[1] "     Iteration 192 of 1000"
[1] "     Iteration 193 of 1000"
[1] "     Iteration 194 of 1000"
[1] "     Iteration 195 of 1000"
[1] "     Iteration 196 of 1000"
[1] "     Iteration 197 of 1000"
[1] "     Iteration 198 of 1000"
[1] "     Iteration 199 of 1000"
[1] "     Iteration 200 of 1000"
[1] "     Iteration 201 of 1000"
[1] "     Iteration 202 of 1000"
[1] "     Iteration 203 of 1000"
[1] "     Iteration 204 of 1000"
[1] "     Iteration 205 of 1000"
[1] "     Iteration 206 of 1000"
[1] "     Iteration 207 of 1000"
[1] "     Iteration 208 of 1000"
[1] "     Iteration 209 of 1000"
[1] "     Iteration 210 of 1000"
[1] "     Iteration 211 of 1000"
[1] "     Iteration 212 of 1000"
[1] "     Iteration 213 of 1000"
[1] "     Iteration 214 of 1000"
[1] "     Iteration 215 of 1000"
[1] "     Iteration 216 of 1000"
[1] "     Iteration 217 of 1000"
[1] "     Iteration 218 of 1000"
[1] "     Iteration 219 of 1000"
[1] "     Iteration 220 of 1000"
[1] "     Iteration 221 of 1000"
[1] "     Iteration 222 of 1000"
[1] "     Iteration 223 of 1000"
[1] "     Iteration 224 of 1000"
[1] "     Iteration 225 of 1000"
[1] "     Iteration 226 of 1000"
[1] "     Iteration 227 of 1000"
[1] "     Iteration 228 of 1000"
[1] "     Iteration 229 of 1000"
[1] "     Iteration 230 of 1000"
[1] "     Iteration 231 of 1000"
[1] "     Iteration 232 of 1000"
[1] "     Iteration 233 of 1000"
[1] "     Iteration 234 of 1000"
[1] "     Iteration 235 of 1000"
[1] "     Iteration 236 of 1000"
[1] "     Iteration 237 of 1000"
[1] "     Iteration 238 of 1000"
[1] "     Iteration 239 of 1000"
[1] "     Iteration 240 of 1000"
[1] "     Iteration 241 of 1000"
[1] "     Iteration 242 of 1000"
[1] "     Iteration 243 of 1000"
[1] "     Iteration 244 of 1000"
[1] "     Iteration 245 of 1000"
[1] "     Iteration 246 of 1000"
[1] "     Iteration 247 of 1000"
[1] "     Iteration 248 of 1000"
[1] "     Iteration 249 of 1000"
[1] "     Iteration 250 of 1000"
[1] "     Iteration 251 of 1000"
[1] "     Iteration 252 of 1000"
[1] "     Iteration 253 of 1000"
[1] "     Iteration 254 of 1000"
[1] "     Iteration 255 of 1000"
[1] "     Iteration 256 of 1000"
[1] "     Iteration 257 of 1000"
[1] "     Iteration 258 of 1000"
[1] "     Iteration 259 of 1000"
[1] "     Iteration 260 of 1000"
[1] "     Iteration 261 of 1000"
[1] "     Iteration 262 of 1000"
[1] "     Iteration 263 of 1000"
[1] "     Iteration 264 of 1000"
[1] "     Iteration 265 of 1000"
[1] "     Iteration 266 of 1000"
[1] "     Iteration 267 of 1000"
[1] "     Iteration 268 of 1000"
[1] "     Iteration 269 of 1000"
[1] "     Iteration 270 of 1000"
[1] "     Iteration 271 of 1000"
[1] "     Iteration 272 of 1000"
[1] "     Iteration 273 of 1000"
[1] "     Iteration 274 of 1000"
[1] "     Iteration 275 of 1000"
[1] "     Iteration 276 of 1000"
[1] "     Iteration 277 of 1000"
[1] "     Iteration 278 of 1000"
[1] "     Iteration 279 of 1000"
[1] "     Iteration 280 of 1000"
[1] "     Iteration 281 of 1000"
[1] "     Iteration 282 of 1000"
[1] "     Iteration 283 of 1000"
[1] "     Iteration 284 of 1000"
[1] "     Iteration 285 of 1000"
[1] "     Iteration 286 of 1000"
[1] "     Iteration 287 of 1000"
[1] "     Iteration 288 of 1000"
[1] "     Iteration 289 of 1000"
[1] "     Iteration 290 of 1000"
[1] "     Iteration 291 of 1000"
[1] "     Iteration 292 of 1000"
[1] "     Iteration 293 of 1000"
[1] "     Iteration 294 of 1000"
[1] "     Iteration 295 of 1000"
[1] "     Iteration 296 of 1000"
[1] "     Iteration 297 of 1000"
[1] "     Iteration 298 of 1000"
[1] "     Iteration 299 of 1000"
[1] "     Iteration 300 of 1000"
[1] "     Iteration 301 of 1000"
[1] "     Iteration 302 of 1000"
[1] "     Iteration 303 of 1000"
[1] "     Iteration 304 of 1000"
[1] "     Iteration 305 of 1000"
[1] "     Iteration 306 of 1000"
[1] "     Iteration 307 of 1000"
[1] "     Iteration 308 of 1000"
[1] "     Iteration 309 of 1000"
[1] "     Iteration 310 of 1000"
[1] "     Iteration 311 of 1000"
[1] "     Iteration 312 of 1000"
[1] "     Iteration 313 of 1000"
[1] "     Iteration 314 of 1000"
[1] "     Iteration 315 of 1000"
[1] "     Iteration 316 of 1000"
[1] "     Iteration 317 of 1000"
[1] "     Iteration 318 of 1000"
[1] "     Iteration 319 of 1000"
[1] "     Iteration 320 of 1000"
[1] "     Iteration 321 of 1000"
[1] "     Iteration 322 of 1000"
[1] "     Iteration 323 of 1000"
[1] "     Iteration 324 of 1000"
[1] "     Iteration 325 of 1000"
[1] "     Iteration 326 of 1000"
[1] "     Iteration 327 of 1000"
[1] "     Iteration 328 of 1000"
[1] "     Iteration 329 of 1000"
[1] "     Iteration 330 of 1000"
[1] "     Iteration 331 of 1000"
[1] "     Iteration 332 of 1000"
[1] "     Iteration 333 of 1000"
[1] "     Iteration 334 of 1000"
[1] "     Iteration 335 of 1000"
[1] "     Iteration 336 of 1000"
[1] "     Iteration 337 of 1000"
[1] "     Iteration 338 of 1000"
[1] "     Iteration 339 of 1000"
[1] "     Iteration 340 of 1000"
[1] "     Iteration 341 of 1000"
[1] "     Iteration 342 of 1000"
[1] "     Iteration 343 of 1000"
[1] "     Iteration 344 of 1000"
[1] "     Iteration 345 of 1000"
[1] "     Iteration 346 of 1000"
[1] "     Iteration 347 of 1000"
[1] "     Iteration 348 of 1000"
[1] "     Iteration 349 of 1000"
[1] "     Iteration 350 of 1000"
[1] "     Iteration 351 of 1000"
[1] "     Iteration 352 of 1000"
[1] "     Iteration 353 of 1000"
[1] "     Iteration 354 of 1000"
[1] "     Iteration 355 of 1000"
[1] "     Iteration 356 of 1000"
[1] "     Iteration 357 of 1000"
[1] "     Iteration 358 of 1000"
[1] "     Iteration 359 of 1000"
[1] "     Iteration 360 of 1000"
[1] "     Iteration 361 of 1000"
[1] "     Iteration 362 of 1000"
[1] "     Iteration 363 of 1000"
[1] "     Iteration 364 of 1000"
[1] "     Iteration 365 of 1000"
[1] "     Iteration 366 of 1000"
[1] "     Iteration 367 of 1000"
[1] "     Iteration 368 of 1000"
[1] "     Iteration 369 of 1000"
[1] "     Iteration 370 of 1000"
[1] "     Iteration 371 of 1000"
[1] "     Iteration 372 of 1000"
[1] "     Iteration 373 of 1000"
[1] "     Iteration 374 of 1000"
[1] "     Iteration 375 of 1000"
[1] "     Iteration 376 of 1000"
[1] "     Iteration 377 of 1000"
[1] "     Iteration 378 of 1000"
[1] "     Iteration 379 of 1000"
[1] "     Iteration 380 of 1000"
[1] "     Iteration 381 of 1000"
[1] "     Iteration 382 of 1000"
[1] "     Iteration 383 of 1000"
[1] "     Iteration 384 of 1000"
[1] "     Iteration 385 of 1000"
[1] "     Iteration 386 of 1000"
[1] "     Iteration 387 of 1000"
[1] "     Iteration 388 of 1000"
[1] "     Iteration 389 of 1000"
[1] "     Iteration 390 of 1000"
[1] "     Iteration 391 of 1000"
[1] "     Iteration 392 of 1000"
[1] "     Iteration 393 of 1000"
[1] "     Iteration 394 of 1000"
[1] "     Iteration 395 of 1000"
[1] "     Iteration 396 of 1000"
[1] "     Iteration 397 of 1000"
[1] "     Iteration 398 of 1000"
[1] "     Iteration 399 of 1000"
[1] "     Iteration 400 of 1000"
[1] "     Iteration 401 of 1000"
[1] "     Iteration 402 of 1000"
[1] "     Iteration 403 of 1000"
[1] "     Iteration 404 of 1000"
[1] "     Iteration 405 of 1000"
[1] "     Iteration 406 of 1000"
[1] "     Iteration 407 of 1000"
[1] "     Iteration 408 of 1000"
[1] "     Iteration 409 of 1000"
[1] "     Iteration 410 of 1000"
[1] "     Iteration 411 of 1000"
[1] "     Iteration 412 of 1000"
[1] "     Iteration 413 of 1000"
[1] "     Iteration 414 of 1000"
[1] "     Iteration 415 of 1000"
[1] "     Iteration 416 of 1000"
[1] "     Iteration 417 of 1000"
[1] "     Iteration 418 of 1000"
[1] "     Iteration 419 of 1000"
[1] "     Iteration 420 of 1000"
[1] "     Iteration 421 of 1000"
[1] "     Iteration 422 of 1000"
[1] "     Iteration 423 of 1000"
[1] "     Iteration 424 of 1000"
[1] "     Iteration 425 of 1000"
[1] "     Iteration 426 of 1000"
[1] "     Iteration 427 of 1000"
[1] "     Iteration 428 of 1000"
[1] "     Iteration 429 of 1000"
[1] "     Iteration 430 of 1000"
[1] "     Iteration 431 of 1000"
[1] "     Iteration 432 of 1000"
[1] "     Iteration 433 of 1000"
[1] "     Iteration 434 of 1000"
[1] "     Iteration 435 of 1000"
[1] "     Iteration 436 of 1000"
[1] "     Iteration 437 of 1000"
[1] "     Iteration 438 of 1000"
[1] "     Iteration 439 of 1000"
[1] "     Iteration 440 of 1000"
[1] "     Iteration 441 of 1000"
[1] "     Iteration 442 of 1000"
[1] "     Iteration 443 of 1000"
[1] "     Iteration 444 of 1000"
[1] "     Iteration 445 of 1000"
[1] "     Iteration 446 of 1000"
[1] "     Iteration 447 of 1000"
[1] "     Iteration 448 of 1000"
[1] "     Iteration 449 of 1000"
[1] "     Iteration 450 of 1000"
[1] "     Iteration 451 of 1000"
[1] "     Iteration 452 of 1000"
[1] "     Iteration 453 of 1000"
[1] "     Iteration 454 of 1000"
[1] "     Iteration 455 of 1000"
[1] "     Iteration 456 of 1000"
[1] "     Iteration 457 of 1000"
[1] "     Iteration 458 of 1000"
[1] "     Iteration 459 of 1000"
[1] "     Iteration 460 of 1000"
[1] "     Iteration 461 of 1000"
[1] "     Iteration 462 of 1000"
[1] "     Iteration 463 of 1000"
[1] "     Iteration 464 of 1000"
[1] "     Iteration 465 of 1000"
[1] "     Iteration 466 of 1000"
[1] "     Iteration 467 of 1000"
[1] "     Iteration 468 of 1000"
[1] "     Iteration 469 of 1000"
[1] "     Iteration 470 of 1000"
[1] "     Iteration 471 of 1000"
[1] "     Iteration 472 of 1000"
[1] "     Iteration 473 of 1000"
[1] "     Iteration 474 of 1000"
[1] "     Iteration 475 of 1000"
[1] "     Iteration 476 of 1000"
[1] "     Iteration 477 of 1000"
[1] "     Iteration 478 of 1000"
[1] "     Iteration 479 of 1000"
[1] "     Iteration 480 of 1000"
[1] "     Iteration 481 of 1000"
[1] "     Iteration 482 of 1000"
[1] "     Iteration 483 of 1000"
[1] "     Iteration 484 of 1000"
[1] "     Iteration 485 of 1000"
[1] "     Iteration 486 of 1000"
[1] "     Iteration 487 of 1000"
[1] "     Iteration 488 of 1000"
[1] "     Iteration 489 of 1000"
[1] "     Iteration 490 of 1000"
[1] "     Iteration 491 of 1000"
[1] "     Iteration 492 of 1000"
[1] "     Iteration 493 of 1000"
[1] "     Iteration 494 of 1000"
[1] "     Iteration 495 of 1000"
[1] "     Iteration 496 of 1000"
[1] "     Iteration 497 of 1000"
[1] "     Iteration 498 of 1000"
[1] "     Iteration 499 of 1000"
[1] "     Iteration 500 of 1000"
[1] "     Iteration 501 of 1000"
[1] "     Iteration 502 of 1000"
[1] "     Iteration 503 of 1000"
[1] "     Iteration 504 of 1000"
[1] "     Iteration 505 of 1000"
[1] "     Iteration 506 of 1000"
[1] "     Iteration 507 of 1000"
[1] "     Iteration 508 of 1000"
[1] "     Iteration 509 of 1000"
[1] "     Iteration 510 of 1000"
[1] "     Iteration 511 of 1000"
[1] "     Iteration 512 of 1000"
[1] "     Iteration 513 of 1000"
[1] "     Iteration 514 of 1000"
[1] "     Iteration 515 of 1000"
[1] "     Iteration 516 of 1000"
[1] "     Iteration 517 of 1000"
[1] "     Iteration 518 of 1000"
[1] "     Iteration 519 of 1000"
[1] "     Iteration 520 of 1000"
[1] "     Iteration 521 of 1000"
[1] "     Iteration 522 of 1000"
[1] "     Iteration 523 of 1000"
[1] "     Iteration 524 of 1000"
[1] "     Iteration 525 of 1000"
[1] "     Iteration 526 of 1000"
[1] "     Iteration 527 of 1000"
[1] "     Iteration 528 of 1000"
[1] "     Iteration 529 of 1000"
[1] "     Iteration 530 of 1000"
[1] "     Iteration 531 of 1000"
[1] "     Iteration 532 of 1000"
[1] "     Iteration 533 of 1000"
[1] "     Iteration 534 of 1000"
[1] "     Iteration 535 of 1000"
[1] "     Iteration 536 of 1000"
[1] "     Iteration 537 of 1000"
[1] "     Iteration 538 of 1000"
[1] "     Iteration 539 of 1000"
[1] "     Iteration 540 of 1000"
[1] "     Iteration 541 of 1000"
[1] "     Iteration 542 of 1000"
[1] "     Iteration 543 of 1000"
[1] "     Iteration 544 of 1000"
[1] "     Iteration 545 of 1000"
[1] "     Iteration 546 of 1000"
[1] "     Iteration 547 of 1000"
[1] "     Iteration 548 of 1000"
[1] "     Iteration 549 of 1000"
[1] "     Iteration 550 of 1000"
[1] "     Iteration 551 of 1000"
[1] "     Iteration 552 of 1000"
[1] "     Iteration 553 of 1000"
[1] "     Iteration 554 of 1000"
[1] "     Iteration 555 of 1000"
[1] "     Iteration 556 of 1000"
[1] "     Iteration 557 of 1000"
[1] "     Iteration 558 of 1000"
[1] "     Iteration 559 of 1000"
[1] "     Iteration 560 of 1000"
[1] "     Iteration 561 of 1000"
[1] "     Iteration 562 of 1000"
[1] "     Iteration 563 of 1000"
[1] "     Iteration 564 of 1000"
[1] "     Iteration 565 of 1000"
[1] "     Iteration 566 of 1000"
[1] "     Iteration 567 of 1000"
[1] "     Iteration 568 of 1000"
[1] "     Iteration 569 of 1000"
[1] "     Iteration 570 of 1000"
[1] "     Iteration 571 of 1000"
[1] "     Iteration 572 of 1000"
[1] "     Iteration 573 of 1000"
[1] "     Iteration 574 of 1000"
[1] "     Iteration 575 of 1000"
[1] "     Iteration 576 of 1000"
[1] "     Iteration 577 of 1000"
[1] "     Iteration 578 of 1000"
[1] "     Iteration 579 of 1000"
[1] "     Iteration 580 of 1000"
[1] "     Iteration 581 of 1000"
[1] "     Iteration 582 of 1000"
[1] "     Iteration 583 of 1000"
[1] "     Iteration 584 of 1000"
[1] "     Iteration 585 of 1000"
[1] "     Iteration 586 of 1000"
[1] "     Iteration 587 of 1000"
[1] "     Iteration 588 of 1000"
[1] "     Iteration 589 of 1000"
[1] "     Iteration 590 of 1000"
[1] "     Iteration 591 of 1000"
[1] "     Iteration 592 of 1000"
[1] "     Iteration 593 of 1000"
[1] "     Iteration 594 of 1000"
[1] "     Iteration 595 of 1000"
[1] "     Iteration 596 of 1000"
[1] "     Iteration 597 of 1000"
[1] "     Iteration 598 of 1000"
[1] "     Iteration 599 of 1000"
[1] "     Iteration 600 of 1000"
[1] "     Iteration 601 of 1000"
[1] "     Iteration 602 of 1000"
[1] "     Iteration 603 of 1000"
[1] "     Iteration 604 of 1000"
[1] "     Iteration 605 of 1000"
[1] "     Iteration 606 of 1000"
[1] "     Iteration 607 of 1000"
[1] "     Iteration 608 of 1000"
[1] "     Iteration 609 of 1000"
[1] "     Iteration 610 of 1000"
[1] "     Iteration 611 of 1000"
[1] "     Iteration 612 of 1000"
[1] "     Iteration 613 of 1000"
[1] "     Iteration 614 of 1000"
[1] "     Iteration 615 of 1000"
[1] "     Iteration 616 of 1000"
[1] "     Iteration 617 of 1000"
[1] "     Iteration 618 of 1000"
[1] "     Iteration 619 of 1000"
[1] "     Iteration 620 of 1000"
[1] "     Iteration 621 of 1000"
[1] "     Iteration 622 of 1000"
[1] "     Iteration 623 of 1000"
[1] "     Iteration 624 of 1000"
[1] "     Iteration 625 of 1000"
[1] "     Iteration 626 of 1000"
[1] "     Iteration 627 of 1000"
[1] "     Iteration 628 of 1000"
[1] "     Iteration 629 of 1000"
[1] "     Iteration 630 of 1000"
[1] "     Iteration 631 of 1000"
[1] "     Iteration 632 of 1000"
[1] "     Iteration 633 of 1000"
[1] "     Iteration 634 of 1000"
[1] "     Iteration 635 of 1000"
[1] "     Iteration 636 of 1000"
[1] "     Iteration 637 of 1000"
[1] "     Iteration 638 of 1000"
[1] "     Iteration 639 of 1000"
[1] "     Iteration 640 of 1000"
[1] "     Iteration 641 of 1000"
[1] "     Iteration 642 of 1000"
[1] "     Iteration 643 of 1000"
[1] "     Iteration 644 of 1000"
[1] "     Iteration 645 of 1000"
[1] "     Iteration 646 of 1000"
[1] "     Iteration 647 of 1000"
[1] "     Iteration 648 of 1000"
[1] "     Iteration 649 of 1000"
[1] "     Iteration 650 of 1000"
[1] "     Iteration 651 of 1000"
[1] "     Iteration 652 of 1000"
[1] "     Iteration 653 of 1000"
[1] "     Iteration 654 of 1000"
[1] "     Iteration 655 of 1000"
[1] "     Iteration 656 of 1000"
[1] "     Iteration 657 of 1000"
[1] "     Iteration 658 of 1000"
[1] "     Iteration 659 of 1000"
[1] "     Iteration 660 of 1000"
[1] "     Iteration 661 of 1000"
[1] "     Iteration 662 of 1000"
[1] "     Iteration 663 of 1000"
[1] "     Iteration 664 of 1000"
[1] "     Iteration 665 of 1000"
[1] "     Iteration 666 of 1000"
[1] "     Iteration 667 of 1000"
[1] "     Iteration 668 of 1000"
[1] "     Iteration 669 of 1000"
[1] "     Iteration 670 of 1000"
[1] "     Iteration 671 of 1000"
[1] "     Iteration 672 of 1000"
[1] "     Iteration 673 of 1000"
[1] "     Iteration 674 of 1000"
[1] "     Iteration 675 of 1000"
[1] "     Iteration 676 of 1000"
[1] "     Iteration 677 of 1000"
[1] "     Iteration 678 of 1000"
[1] "     Iteration 679 of 1000"
[1] "     Iteration 680 of 1000"
[1] "     Iteration 681 of 1000"
[1] "     Iteration 682 of 1000"
[1] "     Iteration 683 of 1000"
[1] "     Iteration 684 of 1000"
[1] "     Iteration 685 of 1000"
[1] "     Iteration 686 of 1000"
[1] "     Iteration 687 of 1000"
[1] "     Iteration 688 of 1000"
[1] "     Iteration 689 of 1000"
[1] "     Iteration 690 of 1000"
[1] "     Iteration 691 of 1000"
[1] "     Iteration 692 of 1000"
[1] "     Iteration 693 of 1000"
[1] "     Iteration 694 of 1000"
[1] "     Iteration 695 of 1000"
[1] "     Iteration 696 of 1000"
[1] "     Iteration 697 of 1000"
[1] "     Iteration 698 of 1000"
[1] "     Iteration 699 of 1000"
[1] "     Iteration 700 of 1000"
[1] "     Iteration 701 of 1000"
[1] "     Iteration 702 of 1000"
[1] "     Iteration 703 of 1000"
[1] "     Iteration 704 of 1000"
[1] "     Iteration 705 of 1000"
[1] "     Iteration 706 of 1000"
[1] "     Iteration 707 of 1000"
[1] "     Iteration 708 of 1000"
[1] "     Iteration 709 of 1000"
[1] "     Iteration 710 of 1000"
[1] "     Iteration 711 of 1000"
[1] "     Iteration 712 of 1000"
[1] "     Iteration 713 of 1000"
[1] "     Iteration 714 of 1000"
[1] "     Iteration 715 of 1000"
[1] "     Iteration 716 of 1000"
[1] "     Iteration 717 of 1000"
[1] "     Iteration 718 of 1000"
[1] "     Iteration 719 of 1000"
[1] "     Iteration 720 of 1000"
[1] "     Iteration 721 of 1000"
[1] "     Iteration 722 of 1000"
[1] "     Iteration 723 of 1000"
[1] "     Iteration 724 of 1000"
[1] "     Iteration 725 of 1000"
[1] "     Iteration 726 of 1000"
[1] "     Iteration 727 of 1000"
[1] "     Iteration 728 of 1000"
[1] "     Iteration 729 of 1000"
[1] "     Iteration 730 of 1000"
[1] "     Iteration 731 of 1000"
[1] "     Iteration 732 of 1000"
[1] "     Iteration 733 of 1000"
[1] "     Iteration 734 of 1000"
[1] "     Iteration 735 of 1000"
[1] "     Iteration 736 of 1000"
[1] "     Iteration 737 of 1000"
[1] "     Iteration 738 of 1000"
[1] "     Iteration 739 of 1000"
[1] "     Iteration 740 of 1000"
[1] "     Iteration 741 of 1000"
[1] "     Iteration 742 of 1000"
[1] "     Iteration 743 of 1000"
[1] "     Iteration 744 of 1000"
[1] "     Iteration 745 of 1000"
[1] "     Iteration 746 of 1000"
[1] "     Iteration 747 of 1000"
[1] "     Iteration 748 of 1000"
[1] "     Iteration 749 of 1000"
[1] "     Iteration 750 of 1000"
[1] "     Iteration 751 of 1000"
[1] "     Iteration 752 of 1000"
[1] "     Iteration 753 of 1000"
[1] "     Iteration 754 of 1000"
[1] "     Iteration 755 of 1000"
[1] "     Iteration 756 of 1000"
[1] "     Iteration 757 of 1000"
[1] "     Iteration 758 of 1000"
[1] "     Iteration 759 of 1000"
[1] "     Iteration 760 of 1000"
[1] "     Iteration 761 of 1000"
[1] "     Iteration 762 of 1000"
[1] "     Iteration 763 of 1000"
[1] "     Iteration 764 of 1000"
[1] "     Iteration 765 of 1000"
[1] "     Iteration 766 of 1000"
[1] "     Iteration 767 of 1000"
[1] "     Iteration 768 of 1000"
[1] "     Iteration 769 of 1000"
[1] "     Iteration 770 of 1000"
[1] "     Iteration 771 of 1000"
[1] "     Iteration 772 of 1000"
[1] "     Iteration 773 of 1000"
[1] "     Iteration 774 of 1000"
[1] "     Iteration 775 of 1000"
[1] "     Iteration 776 of 1000"
[1] "     Iteration 777 of 1000"
[1] "     Iteration 778 of 1000"
[1] "     Iteration 779 of 1000"
[1] "     Iteration 780 of 1000"
[1] "     Iteration 781 of 1000"
[1] "     Iteration 782 of 1000"
[1] "     Iteration 783 of 1000"
[1] "     Iteration 784 of 1000"
[1] "     Iteration 785 of 1000"
[1] "     Iteration 786 of 1000"
[1] "     Iteration 787 of 1000"
[1] "     Iteration 788 of 1000"
[1] "     Iteration 789 of 1000"
[1] "     Iteration 790 of 1000"
[1] "     Iteration 791 of 1000"
[1] "     Iteration 792 of 1000"
[1] "     Iteration 793 of 1000"
[1] "     Iteration 794 of 1000"
[1] "     Iteration 795 of 1000"
[1] "     Iteration 796 of 1000"
[1] "     Iteration 797 of 1000"
[1] "     Iteration 798 of 1000"
[1] "     Iteration 799 of 1000"
[1] "     Iteration 800 of 1000"
[1] "     Iteration 801 of 1000"
[1] "     Iteration 802 of 1000"
[1] "     Iteration 803 of 1000"
[1] "     Iteration 804 of 1000"
[1] "     Iteration 805 of 1000"
[1] "     Iteration 806 of 1000"
[1] "     Iteration 807 of 1000"
[1] "     Iteration 808 of 1000"
[1] "     Iteration 809 of 1000"
[1] "     Iteration 810 of 1000"
[1] "     Iteration 811 of 1000"
[1] "     Iteration 812 of 1000"
[1] "     Iteration 813 of 1000"
[1] "     Iteration 814 of 1000"
[1] "     Iteration 815 of 1000"
[1] "     Iteration 816 of 1000"
[1] "     Iteration 817 of 1000"
[1] "     Iteration 818 of 1000"
[1] "     Iteration 819 of 1000"
[1] "     Iteration 820 of 1000"
[1] "     Iteration 821 of 1000"
[1] "     Iteration 822 of 1000"
[1] "     Iteration 823 of 1000"
[1] "     Iteration 824 of 1000"
[1] "     Iteration 825 of 1000"
[1] "     Iteration 826 of 1000"
[1] "     Iteration 827 of 1000"
[1] "     Iteration 828 of 1000"
[1] "     Iteration 829 of 1000"
[1] "     Iteration 830 of 1000"
[1] "     Iteration 831 of 1000"
[1] "     Iteration 832 of 1000"
[1] "     Iteration 833 of 1000"
[1] "     Iteration 834 of 1000"
[1] "     Iteration 835 of 1000"
[1] "     Iteration 836 of 1000"
[1] "     Iteration 837 of 1000"
[1] "     Iteration 838 of 1000"
[1] "     Iteration 839 of 1000"
[1] "     Iteration 840 of 1000"
[1] "     Iteration 841 of 1000"
[1] "     Iteration 842 of 1000"
[1] "     Iteration 843 of 1000"
[1] "     Iteration 844 of 1000"
[1] "     Iteration 845 of 1000"
[1] "     Iteration 846 of 1000"
[1] "     Iteration 847 of 1000"
[1] "     Iteration 848 of 1000"
[1] "     Iteration 849 of 1000"
[1] "     Iteration 850 of 1000"
[1] "     Iteration 851 of 1000"
[1] "     Iteration 852 of 1000"
[1] "     Iteration 853 of 1000"
[1] "     Iteration 854 of 1000"
[1] "     Iteration 855 of 1000"
[1] "     Iteration 856 of 1000"
[1] "     Iteration 857 of 1000"
[1] "     Iteration 858 of 1000"
[1] "     Iteration 859 of 1000"
[1] "     Iteration 860 of 1000"
[1] "     Iteration 861 of 1000"
[1] "     Iteration 862 of 1000"
[1] "     Iteration 863 of 1000"
[1] "     Iteration 864 of 1000"
[1] "     Iteration 865 of 1000"
[1] "     Iteration 866 of 1000"
[1] "     Iteration 867 of 1000"
[1] "     Iteration 868 of 1000"
[1] "     Iteration 869 of 1000"
[1] "     Iteration 870 of 1000"
[1] "     Iteration 871 of 1000"
[1] "     Iteration 872 of 1000"
[1] "     Iteration 873 of 1000"
[1] "     Iteration 874 of 1000"
[1] "     Iteration 875 of 1000"
[1] "     Iteration 876 of 1000"
[1] "     Iteration 877 of 1000"
[1] "     Iteration 878 of 1000"
[1] "     Iteration 879 of 1000"
[1] "     Iteration 880 of 1000"
[1] "     Iteration 881 of 1000"
[1] "     Iteration 882 of 1000"
[1] "     Iteration 883 of 1000"
[1] "     Iteration 884 of 1000"
[1] "     Iteration 885 of 1000"
[1] "     Iteration 886 of 1000"
[1] "     Iteration 887 of 1000"
[1] "     Iteration 888 of 1000"
[1] "     Iteration 889 of 1000"
[1] "     Iteration 890 of 1000"
[1] "     Iteration 891 of 1000"
[1] "     Iteration 892 of 1000"
[1] "     Iteration 893 of 1000"
[1] "     Iteration 894 of 1000"
[1] "     Iteration 895 of 1000"
[1] "     Iteration 896 of 1000"
[1] "     Iteration 897 of 1000"
[1] "     Iteration 898 of 1000"
[1] "     Iteration 899 of 1000"
[1] "     Iteration 900 of 1000"
[1] "     Iteration 901 of 1000"
[1] "     Iteration 902 of 1000"
[1] "     Iteration 903 of 1000"
[1] "     Iteration 904 of 1000"
[1] "     Iteration 905 of 1000"
[1] "     Iteration 906 of 1000"
[1] "     Iteration 907 of 1000"
[1] "     Iteration 908 of 1000"
[1] "     Iteration 909 of 1000"
[1] "     Iteration 910 of 1000"
[1] "     Iteration 911 of 1000"
[1] "     Iteration 912 of 1000"
[1] "     Iteration 913 of 1000"
[1] "     Iteration 914 of 1000"
[1] "     Iteration 915 of 1000"
[1] "     Iteration 916 of 1000"
[1] "     Iteration 917 of 1000"
[1] "     Iteration 918 of 1000"
[1] "     Iteration 919 of 1000"
[1] "     Iteration 920 of 1000"
[1] "     Iteration 921 of 1000"
[1] "     Iteration 922 of 1000"
[1] "     Iteration 923 of 1000"
[1] "     Iteration 924 of 1000"
[1] "     Iteration 925 of 1000"
[1] "     Iteration 926 of 1000"
[1] "     Iteration 927 of 1000"
[1] "     Iteration 928 of 1000"
[1] "     Iteration 929 of 1000"
[1] "     Iteration 930 of 1000"
[1] "     Iteration 931 of 1000"
[1] "     Iteration 932 of 1000"
[1] "     Iteration 933 of 1000"
[1] "     Iteration 934 of 1000"
[1] "     Iteration 935 of 1000"
[1] "     Iteration 936 of 1000"
[1] "     Iteration 937 of 1000"
[1] "     Iteration 938 of 1000"
[1] "     Iteration 939 of 1000"
[1] "     Iteration 940 of 1000"
[1] "     Iteration 941 of 1000"
[1] "     Iteration 942 of 1000"
[1] "     Iteration 943 of 1000"
[1] "     Iteration 944 of 1000"
[1] "     Iteration 945 of 1000"
[1] "     Iteration 946 of 1000"
[1] "     Iteration 947 of 1000"
[1] "     Iteration 948 of 1000"
[1] "     Iteration 949 of 1000"
[1] "     Iteration 950 of 1000"
[1] "     Iteration 951 of 1000"
[1] "     Iteration 952 of 1000"
[1] "     Iteration 953 of 1000"
[1] "     Iteration 954 of 1000"
[1] "     Iteration 955 of 1000"
[1] "     Iteration 956 of 1000"
[1] "     Iteration 957 of 1000"
[1] "     Iteration 958 of 1000"
[1] "     Iteration 959 of 1000"
[1] "     Iteration 960 of 1000"
[1] "     Iteration 961 of 1000"
[1] "     Iteration 962 of 1000"
[1] "     Iteration 963 of 1000"
[1] "     Iteration 964 of 1000"
[1] "     Iteration 965 of 1000"
[1] "     Iteration 966 of 1000"
[1] "     Iteration 967 of 1000"
[1] "     Iteration 968 of 1000"
[1] "     Iteration 969 of 1000"
[1] "     Iteration 970 of 1000"
[1] "     Iteration 971 of 1000"
[1] "     Iteration 972 of 1000"
[1] "     Iteration 973 of 1000"
[1] "     Iteration 974 of 1000"
[1] "     Iteration 975 of 1000"
[1] "     Iteration 976 of 1000"
[1] "     Iteration 977 of 1000"
[1] "     Iteration 978 of 1000"
[1] "     Iteration 979 of 1000"
[1] "     Iteration 980 of 1000"
[1] "     Iteration 981 of 1000"
[1] "     Iteration 982 of 1000"
[1] "     Iteration 983 of 1000"
[1] "     Iteration 984 of 1000"
[1] "     Iteration 985 of 1000"
[1] "     Iteration 986 of 1000"
[1] "     Iteration 987 of 1000"
[1] "     Iteration 988 of 1000"
[1] "     Iteration 989 of 1000"
[1] "     Iteration 990 of 1000"
[1] "     Iteration 991 of 1000"
[1] "     Iteration 992 of 1000"
[1] "     Iteration 993 of 1000"
[1] "     Iteration 994 of 1000"
[1] "     Iteration 995 of 1000"
[1] "     Iteration 996 of 1000"
[1] "     Iteration 997 of 1000"
[1] "     Iteration 998 of 1000"
[1] "     Iteration 999 of 1000"
[1] "     Iteration 1000 of 1000"
[1] "#################################### "
