######################################matern nu = 2.5######################################[1] "#################################### "
[1] "######## Preparing for MCMC ######## "
[1] "#################################### "
[1] "     Total number of available days: 364 (out of 364)"
[1] "     Total number of monitors: 873"
[1] "     Total number of spatial covariates: "
[1] "     Total number of spatial-temporal covariates: "
[1] "#################################### "
[1] "########    MCMC Begins!    ######## "
[1] "#################################### "
[1] "     Iteration 1 of 1000"
[1] "     Iteration 2 of 1000"
[1] "     Iteration 3 of 1000"
[1] "     Iteration 4 of 1000"
[1] "     Iteration 5 of 1000"
[1] "     Iteration 6 of 1000"
[1] "     Iteration 7 of 1000"
[1] "     Iteration 8 of 1000"
[1] "     Iteration 9 of 1000"
[1] "     Iteration 10 of 1000"
[1] "     Iteration 11 of 1000"
[1] "     Iteration 12 of 1000"
[1] "     Iteration 13 of 1000"
[1] "     Iteration 14 of 1000"
[1] "     Iteration 15 of 1000"
[1] "     Iteration 16 of 1000"
[1] "     Iteration 17 of 1000"
[1] "     Iteration 18 of 1000"
[1] "     Iteration 19 of 1000"
[1] "     Iteration 20 of 1000"
[1] "     Iteration 21 of 1000"
[1] "     Iteration 22 of 1000"
[1] "     Iteration 23 of 1000"
[1] "     Iteration 24 of 1000"
[1] "     Iteration 25 of 1000"
[1] "     Iteration 26 of 1000"
[1] "     Iteration 27 of 1000"
[1] "     Iteration 28 of 1000"
[1] "     Iteration 29 of 1000"
[1] "     Iteration 30 of 1000"
Error in if (log(stats::runif(1)) < ratio) { : 
  missing value where TRUE/FALSE needed
Calls: fit_mat -> <Anonymous>
In addition: There were 48 warnings (use warnings() to see them)
Execution halted
