######################################matern nu = 2.5######################################[1] "#################################### "
[1] "######## Preparing for MCMC ######## "
[1] "#################################### "
[1] "     Total number of available days: 364 (out of 364)"
[1] "     Total number of monitors: 873"
[1] "     Total number of spatial covariates: "
[1] "     Total number of spatial-temporal covariates: "
[1] "#################################### "
[1] "########    MCMC Begins!    ######## "
[1] "#################################### "
[1] "     Iteration 1 of 1000"
[1] "     Iteration 2 of 1000"
[1] "     Iteration 3 of 1000"
[1] "     Iteration 4 of 1000"
[1] "     Iteration 5 of 1000"
[1] "     Iteration 6 of 1000"
[1] "     Iteration 7 of 1000"
[1] "     Iteration 8 of 1000"
[1] "     Iteration 9 of 1000"
[1] "     Iteration 10 of 1000"
[1] "     Iteration 11 of 1000"
[1] "     Iteration 12 of 1000"
[1] "     Iteration 13 of 1000"
[1] "     Iteration 14 of 1000"
[1] "     Iteration 15 of 1000"
[1] "     Iteration 16 of 1000"
[1] "     Iteration 17 of 1000"
[1] "     Iteration 18 of 1000"
[1] "     Iteration 19 of 1000"
[1] "     Iteration 20 of 1000"
[1] "     Iteration 21 of 1000"
[1] "     Iteration 22 of 1000"
[1] "     Iteration 23 of 1000"
[1] "     Iteration 24 of 1000"
[1] "     Iteration 25 of 1000"
[1] "     Iteration 26 of 1000"
[1] "     Iteration 27 of 1000"
[1] "     Iteration 28 of 1000"
[1] "     Iteration 29 of 1000"
[1] "     Iteration 30 of 1000"
[1] "     Iteration 31 of 1000"
[1] "     Iteration 32 of 1000"
[1] "     Iteration 33 of 1000"
[1] "     Iteration 34 of 1000"
[1] "     Iteration 35 of 1000"
[1] "     Iteration 36 of 1000"
[1] "     Iteration 37 of 1000"
[1] "     Iteration 38 of 1000"
[1] "     Iteration 39 of 1000"
[1] "     Iteration 40 of 1000"
[1] "     Iteration 41 of 1000"
[1] "     Iteration 42 of 1000"
[1] "     Iteration 43 of 1000"
[1] "     Iteration 44 of 1000"
[1] "     Iteration 45 of 1000"
[1] "     Iteration 46 of 1000"
[1] "     Iteration 47 of 1000"
[1] "     Iteration 48 of 1000"
[1] "     Iteration 49 of 1000"
[1] "     Iteration 50 of 1000"
[1] "     Iteration 51 of 1000"
[1] "     Iteration 52 of 1000"
[1] "     Iteration 53 of 1000"
[1] "     Iteration 54 of 1000"
[1] "     Iteration 55 of 1000"
[1] "     Iteration 56 of 1000"
[1] "     Iteration 57 of 1000"
[1] "     Iteration 58 of 1000"
[1] "     Iteration 59 of 1000"
[1] "     Iteration 60 of 1000"
[1] "     Iteration 61 of 1000"
[1] "     Iteration 62 of 1000"
[1] "     Iteration 63 of 1000"
[1] "     Iteration 64 of 1000"
[1] "     Iteration 65 of 1000"
[1] "     Iteration 66 of 1000"
[1] "     Iteration 67 of 1000"
[1] "     Iteration 68 of 1000"
[1] "     Iteration 69 of 1000"
[1] "     Iteration 70 of 1000"
[1] "     Iteration 71 of 1000"
[1] "     Iteration 72 of 1000"
[1] "     Iteration 73 of 1000"
[1] "     Iteration 74 of 1000"
[1] "     Iteration 75 of 1000"
[1] "     Iteration 76 of 1000"
[1] "     Iteration 77 of 1000"
[1] "     Iteration 78 of 1000"
[1] "     Iteration 79 of 1000"
[1] "     Iteration 80 of 1000"
[1] "     Iteration 81 of 1000"
[1] "     Iteration 82 of 1000"
[1] "     Iteration 83 of 1000"
[1] "     Iteration 84 of 1000"
[1] "     Iteration 85 of 1000"
[1] "     Iteration 86 of 1000"
[1] "     Iteration 87 of 1000"
[1] "     Iteration 88 of 1000"
[1] "     Iteration 89 of 1000"
[1] "     Iteration 90 of 1000"
[1] "     Iteration 91 of 1000"
[1] "     Iteration 92 of 1000"
[1] "     Iteration 93 of 1000"
[1] "     Iteration 94 of 1000"
[1] "     Iteration 95 of 1000"
[1] "     Iteration 96 of 1000"
[1] "     Iteration 97 of 1000"
[1] "     Iteration 98 of 1000"
[1] "     Iteration 99 of 1000"
[1] "     Iteration 100 of 1000"
[1] "     Iteration 101 of 1000"
[1] "     Iteration 102 of 1000"
[1] "     Iteration 103 of 1000"
[1] "     Iteration 104 of 1000"
[1] "     Iteration 105 of 1000"
[1] "     Iteration 106 of 1000"
[1] "     Iteration 107 of 1000"
[1] "     Iteration 108 of 1000"
[1] "     Iteration 109 of 1000"
[1] "     Iteration 110 of 1000"
[1] "     Iteration 111 of 1000"
[1] "     Iteration 112 of 1000"
[1] "     Iteration 113 of 1000"
[1] "     Iteration 114 of 1000"
[1] "     Iteration 115 of 1000"
[1] "     Iteration 116 of 1000"
[1] "     Iteration 117 of 1000"
[1] "     Iteration 118 of 1000"
[1] "     Iteration 119 of 1000"
[1] "     Iteration 120 of 1000"
[1] "     Iteration 121 of 1000"
[1] "     Iteration 122 of 1000"
[1] "     Iteration 123 of 1000"
[1] "     Iteration 124 of 1000"
[1] "     Iteration 125 of 1000"
[1] "     Iteration 126 of 1000"
[1] "     Iteration 127 of 1000"
[1] "     Iteration 128 of 1000"
[1] "     Iteration 129 of 1000"
[1] "     Iteration 130 of 1000"
[1] "     Iteration 131 of 1000"
[1] "     Iteration 132 of 1000"
[1] "     Iteration 133 of 1000"
[1] "     Iteration 134 of 1000"
[1] "     Iteration 135 of 1000"
[1] "     Iteration 136 of 1000"
[1] "     Iteration 137 of 1000"
[1] "     Iteration 138 of 1000"
[1] "     Iteration 139 of 1000"
[1] "     Iteration 140 of 1000"
[1] "     Iteration 141 of 1000"
[1] "     Iteration 142 of 1000"
[1] "     Iteration 143 of 1000"
[1] "     Iteration 144 of 1000"
[1] "     Iteration 145 of 1000"
[1] "     Iteration 146 of 1000"
[1] "     Iteration 147 of 1000"
[1] "     Iteration 148 of 1000"
[1] "     Iteration 149 of 1000"
[1] "     Iteration 150 of 1000"
[1] "     Iteration 151 of 1000"
[1] "     Iteration 152 of 1000"
[1] "     Iteration 153 of 1000"
[1] "     Iteration 154 of 1000"
[1] "     Iteration 155 of 1000"
[1] "     Iteration 156 of 1000"
[1] "     Iteration 157 of 1000"
[1] "     Iteration 158 of 1000"
[1] "     Iteration 159 of 1000"
[1] "     Iteration 160 of 1000"
[1] "     Iteration 161 of 1000"
[1] "     Iteration 162 of 1000"
[1] "     Iteration 163 of 1000"
[1] "     Iteration 164 of 1000"
[1] "     Iteration 165 of 1000"
[1] "     Iteration 166 of 1000"
[1] "     Iteration 167 of 1000"
[1] "     Iteration 168 of 1000"
[1] "     Iteration 169 of 1000"
[1] "     Iteration 170 of 1000"
[1] "     Iteration 171 of 1000"
[1] "     Iteration 172 of 1000"
[1] "     Iteration 173 of 1000"
[1] "     Iteration 174 of 1000"
[1] "     Iteration 175 of 1000"
[1] "     Iteration 176 of 1000"
[1] "     Iteration 177 of 1000"
[1] "     Iteration 178 of 1000"
[1] "     Iteration 179 of 1000"
[1] "     Iteration 180 of 1000"
[1] "     Iteration 181 of 1000"
[1] "     Iteration 182 of 1000"
[1] "     Iteration 183 of 1000"
[1] "     Iteration 184 of 1000"
[1] "     Iteration 185 of 1000"
[1] "     Iteration 186 of 1000"
[1] "     Iteration 187 of 1000"
[1] "     Iteration 188 of 1000"
[1] "     Iteration 189 of 1000"
[1] "     Iteration 190 of 1000"
[1] "     Iteration 191 of 1000"
[1] "     Iteration 192 of 1000"
[1] "     Iteration 193 of 1000"
[1] "     Iteration 194 of 1000"
[1] "     Iteration 195 of 1000"
[1] "     Iteration 196 of 1000"
[1] "     Iteration 197 of 1000"
[1] "     Iteration 198 of 1000"
[1] "     Iteration 199 of 1000"
[1] "     Iteration 200 of 1000"
[1] "     Iteration 201 of 1000"
[1] "     Iteration 202 of 1000"
[1] "     Iteration 203 of 1000"
[1] "     Iteration 204 of 1000"
[1] "     Iteration 205 of 1000"
[1] "     Iteration 206 of 1000"
[1] "     Iteration 207 of 1000"
[1] "     Iteration 208 of 1000"
[1] "     Iteration 209 of 1000"
[1] "     Iteration 210 of 1000"
[1] "     Iteration 211 of 1000"
[1] "     Iteration 212 of 1000"
[1] "     Iteration 213 of 1000"
[1] "     Iteration 214 of 1000"
[1] "     Iteration 215 of 1000"
[1] "     Iteration 216 of 1000"
[1] "     Iteration 217 of 1000"
[1] "     Iteration 218 of 1000"
[1] "     Iteration 219 of 1000"
[1] "     Iteration 220 of 1000"
[1] "     Iteration 221 of 1000"
[1] "     Iteration 222 of 1000"
[1] "     Iteration 223 of 1000"
[1] "     Iteration 224 of 1000"
[1] "     Iteration 225 of 1000"
[1] "     Iteration 226 of 1000"
[1] "     Iteration 227 of 1000"
[1] "     Iteration 228 of 1000"
[1] "     Iteration 229 of 1000"
[1] "     Iteration 230 of 1000"
[1] "     Iteration 231 of 1000"
[1] "     Iteration 232 of 1000"
[1] "     Iteration 233 of 1000"
[1] "     Iteration 234 of 1000"
[1] "     Iteration 235 of 1000"
[1] "     Iteration 236 of 1000"
[1] "     Iteration 237 of 1000"
[1] "     Iteration 238 of 1000"
[1] "     Iteration 239 of 1000"
[1] "     Iteration 240 of 1000"
[1] "     Iteration 241 of 1000"
[1] "     Iteration 242 of 1000"
[1] "     Iteration 243 of 1000"
[1] "     Iteration 244 of 1000"
[1] "     Iteration 245 of 1000"
[1] "     Iteration 246 of 1000"
[1] "     Iteration 247 of 1000"
[1] "     Iteration 248 of 1000"
[1] "     Iteration 249 of 1000"
[1] "     Iteration 250 of 1000"
[1] "     Iteration 251 of 1000"
[1] "     Iteration 252 of 1000"
[1] "     Iteration 253 of 1000"
[1] "     Iteration 254 of 1000"
[1] "     Iteration 255 of 1000"
[1] "     Iteration 256 of 1000"
[1] "     Iteration 257 of 1000"
[1] "     Iteration 258 of 1000"
[1] "     Iteration 259 of 1000"
[1] "     Iteration 260 of 1000"
[1] "     Iteration 261 of 1000"
[1] "     Iteration 262 of 1000"
[1] "     Iteration 263 of 1000"
[1] "     Iteration 264 of 1000"
[1] "     Iteration 265 of 1000"
[1] "     Iteration 266 of 1000"
[1] "     Iteration 267 of 1000"
[1] "     Iteration 268 of 1000"
[1] "     Iteration 269 of 1000"
[1] "     Iteration 270 of 1000"
[1] "     Iteration 271 of 1000"
[1] "     Iteration 272 of 1000"
[1] "     Iteration 273 of 1000"
[1] "     Iteration 274 of 1000"
[1] "     Iteration 275 of 1000"
[1] "     Iteration 276 of 1000"
[1] "     Iteration 277 of 1000"
[1] "     Iteration 278 of 1000"
[1] "     Iteration 279 of 1000"
[1] "     Iteration 280 of 1000"
[1] "     Iteration 281 of 1000"
[1] "     Iteration 282 of 1000"
[1] "     Iteration 283 of 1000"
[1] "     Iteration 284 of 1000"
[1] "     Iteration 285 of 1000"
[1] "     Iteration 286 of 1000"
[1] "     Iteration 287 of 1000"
[1] "     Iteration 288 of 1000"
[1] "     Iteration 289 of 1000"
[1] "     Iteration 290 of 1000"
[1] "     Iteration 291 of 1000"
[1] "     Iteration 292 of 1000"
[1] "     Iteration 293 of 1000"
[1] "     Iteration 294 of 1000"
[1] "     Iteration 295 of 1000"
[1] "     Iteration 296 of 1000"
[1] "     Iteration 297 of 1000"
[1] "     Iteration 298 of 1000"
[1] "     Iteration 299 of 1000"
[1] "     Iteration 300 of 1000"
[1] "     Iteration 301 of 1000"
[1] "     Iteration 302 of 1000"
[1] "     Iteration 303 of 1000"
[1] "     Iteration 304 of 1000"
[1] "     Iteration 305 of 1000"
[1] "     Iteration 306 of 1000"
[1] "     Iteration 307 of 1000"
[1] "     Iteration 308 of 1000"
[1] "     Iteration 309 of 1000"
[1] "     Iteration 310 of 1000"
[1] "     Iteration 311 of 1000"
[1] "     Iteration 312 of 1000"
[1] "     Iteration 313 of 1000"
[1] "     Iteration 314 of 1000"
[1] "     Iteration 315 of 1000"
[1] "     Iteration 316 of 1000"
[1] "     Iteration 317 of 1000"
[1] "     Iteration 318 of 1000"
[1] "     Iteration 319 of 1000"
[1] "     Iteration 320 of 1000"
[1] "     Iteration 321 of 1000"
[1] "     Iteration 322 of 1000"
[1] "     Iteration 323 of 1000"
[1] "     Iteration 324 of 1000"
[1] "     Iteration 325 of 1000"
[1] "     Iteration 326 of 1000"
[1] "     Iteration 327 of 1000"
[1] "     Iteration 328 of 1000"
[1] "     Iteration 329 of 1000"
[1] "     Iteration 330 of 1000"
[1] "     Iteration 331 of 1000"
[1] "     Iteration 332 of 1000"
[1] "     Iteration 333 of 1000"
[1] "     Iteration 334 of 1000"
[1] "     Iteration 335 of 1000"
[1] "     Iteration 336 of 1000"
[1] "     Iteration 337 of 1000"
[1] "     Iteration 338 of 1000"
[1] "     Iteration 339 of 1000"
[1] "     Iteration 340 of 1000"
[1] "     Iteration 341 of 1000"
[1] "     Iteration 342 of 1000"
[1] "     Iteration 343 of 1000"
[1] "     Iteration 344 of 1000"
[1] "     Iteration 345 of 1000"
[1] "     Iteration 346 of 1000"
[1] "     Iteration 347 of 1000"
[1] "     Iteration 348 of 1000"
[1] "     Iteration 349 of 1000"
[1] "     Iteration 350 of 1000"
[1] "     Iteration 351 of 1000"
