######################################matern nu = 1.5######################################[1] "#################################### "
[1] "######## Preparing for MCMC ######## "
[1] "#################################### "
[1] "     Total number of available days: 365 (out of 365)"
[1] "     Total number of monitors: 206"
[1] "     Total number of spatial covariates: 2"
[1] "     Total number of spatial-temporal covariates: 6"
[1] "#################################### "
[1] "########    MCMC Begins!    ######## "
[1] "#################################### "
[1] "     Iteration 10 of 1000"
[1] "     Iteration 20 of 1000"
[1] "     Iteration 30 of 1000"
[1] "     Iteration 40 of 1000"
[1] "     Iteration 50 of 1000"
[1] "     Iteration 60 of 1000"
[1] "     Iteration 70 of 1000"
[1] "     Iteration 80 of 1000"
[1] "     Iteration 90 of 1000"
[1] "     Iteration 100 of 1000"
[1] "     Iteration 110 of 1000"
[1] "     Iteration 120 of 1000"
[1] "     Iteration 130 of 1000"
[1] "     Iteration 140 of 1000"
[1] "     Iteration 150 of 1000"
[1] "     Iteration 160 of 1000"
