######################################matern nu = 0.5######################################[1] "#################################### "
[1] "######## Preparing for MCMC ######## "
[1] "#################################### "
[1] "     Total number of available days: 365 (out of 365)"
[1] "     Total number of monitors: 158"
[1] "     Total number of spatial covariates: 2"
[1] "     Total number of spatial-temporal covariates: 6"
[1] "#################################### "
[1] "########    MCMC Begins!    ######## "
[1] "#################################### "
[1] "     Iteration 10 of 1000"
[1] "     Iteration 20 of 1000"
[1] "     Iteration 30 of 1000"
[1] "     Iteration 40 of 1000"
[1] "     Iteration 50 of 1000"
[1] "     Iteration 60 of 1000"
[1] "     Iteration 70 of 1000"
[1] "     Iteration 80 of 1000"
[1] "     Iteration 90 of 1000"
[1] "     Iteration 100 of 1000"
[1] "     Iteration 110 of 1000"
[1] "     Iteration 120 of 1000"
[1] "     Iteration 130 of 1000"
[1] "     Iteration 140 of 1000"
[1] "     Iteration 150 of 1000"
[1] "     Iteration 160 of 1000"
[1] "     Iteration 170 of 1000"
[1] "     Iteration 180 of 1000"
[1] "     Iteration 190 of 1000"
[1] "     Iteration 200 of 1000"
[1] "     Iteration 210 of 1000"
[1] "     Iteration 220 of 1000"
[1] "     Iteration 230 of 1000"
[1] "     Iteration 240 of 1000"
[1] "     Iteration 250 of 1000"
[1] "     Iteration 260 of 1000"
[1] "     Iteration 270 of 1000"
[1] "     Iteration 280 of 1000"
[1] "     Iteration 290 of 1000"
[1] "     Iteration 300 of 1000"
[1] "     Iteration 310 of 1000"
[1] "     Iteration 320 of 1000"
[1] "     Iteration 330 of 1000"
[1] "     Iteration 340 of 1000"
[1] "     Iteration 350 of 1000"
[1] "     Iteration 360 of 1000"
[1] "     Iteration 370 of 1000"
[1] "     Iteration 380 of 1000"
[1] "     Iteration 390 of 1000"
[1] "     Iteration 400 of 1000"
[1] "     Iteration 410 of 1000"
[1] "     Iteration 420 of 1000"
[1] "     Iteration 430 of 1000"
[1] "     Iteration 440 of 1000"
[1] "     Iteration 450 of 1000"
[1] "     Iteration 460 of 1000"
[1] "     Iteration 470 of 1000"
[1] "     Iteration 480 of 1000"
[1] "     Iteration 490 of 1000"
[1] "     Iteration 500 of 1000"
[1] "     Iteration 510 of 1000"
[1] "     Iteration 520 of 1000"
[1] "     Iteration 530 of 1000"
[1] "     Iteration 540 of 1000"
[1] "     Iteration 550 of 1000"
[1] "     Iteration 560 of 1000"
[1] "     Iteration 570 of 1000"
[1] "     Iteration 580 of 1000"
[1] "     Iteration 590 of 1000"
[1] "     Iteration 600 of 1000"
[1] "     Iteration 610 of 1000"
[1] "     Iteration 620 of 1000"
[1] "     Iteration 630 of 1000"
[1] "     Iteration 640 of 1000"
[1] "     Iteration 650 of 1000"
[1] "     Iteration 660 of 1000"
[1] "     Iteration 670 of 1000"
[1] "     Iteration 680 of 1000"
[1] "     Iteration 690 of 1000"
[1] "     Iteration 700 of 1000"
[1] "     Iteration 710 of 1000"
[1] "     Iteration 720 of 1000"
[1] "     Iteration 730 of 1000"
[1] "     Iteration 740 of 1000"
[1] "     Iteration 750 of 1000"
[1] "     Iteration 760 of 1000"
[1] "     Iteration 770 of 1000"
[1] "     Iteration 780 of 1000"
[1] "     Iteration 790 of 1000"
[1] "     Iteration 800 of 1000"
[1] "     Iteration 810 of 1000"
[1] "     Iteration 820 of 1000"
[1] "     Iteration 830 of 1000"
[1] "     Iteration 840 of 1000"
[1] "     Iteration 850 of 1000"
[1] "     Iteration 860 of 1000"
[1] "     Iteration 870 of 1000"
[1] "     Iteration 880 of 1000"
[1] "     Iteration 890 of 1000"
[1] "     Iteration 900 of 1000"
[1] "     Iteration 910 of 1000"
[1] "     Iteration 920 of 1000"
[1] "     Iteration 930 of 1000"
[1] "     Iteration 940 of 1000"
[1] "     Iteration 950 of 1000"
[1] "     Iteration 960 of 1000"
[1] "     Iteration 970 of 1000"
[1] "     Iteration 980 of 1000"
[1] "     Iteration 990 of 1000"
[1] "     Iteration 1000 of 1000"
[1] "#################################### "
